<?xml version="1.0" encoding="UTF-8"?>
<!-- Generated by org.testng.reporters.JUnitReportReporter -->
<testsuite hostname="LAPTOP-OLBSJDJU" failures="0" tests="1" name="com.runner.TestRunner" time="10.287" errors="0" timestamp="2025-07-23T15:23:19 IST" skipped="0">
  <testcase classname="com.runner.TestRunner" name="runScenario" time="10.287"/>
  <system-out/>
</testsuite> <!-- com.runner.TestRunner -->
